0 info it worked if it ends with ok
1 verbose cli [ 'node', '/usr/local/bin/npm', 'start' ]
2 info using npm@2.13.4
3 info using node@v0.10.36
4 verbose run-script [ 'prestart', 'start', 'poststart' ]
5 info prestart WebTunes@0.0.1
6 info start WebTunes@0.0.1
7 verbose unsafe-perm in lifecycle true
8 info WebTunes@0.0.1 Failed to exec start script
9 verbose stack Error: WebTunes@0.0.1 start: `main.js`
9 verbose stack spawn ENOENT
9 verbose stack     at ChildProcess.<anonymous> (/usr/local/lib/node_modules/npm/lib/utils/spawn.js:17:16)
9 verbose stack     at ChildProcess.emit (events.js:98:17)
9 verbose stack     at maybeClose (child_process.js:766:16)
9 verbose stack     at Process.ChildProcess._handle.onexit (child_process.js:833:5)
10 verbose pkgid WebTunes@0.0.1
11 verbose cwd /Users/JKJones1/Documents/Projects/WebTunes/app
12 error Darwin 14.5.0
13 error argv "node" "/usr/local/bin/npm" "start"
14 error node v0.10.36
15 error npm  v2.13.4
16 error file sh
17 error code ELIFECYCLE
18 error errno ENOENT
19 error syscall spawn
20 error WebTunes@0.0.1 start: `main.js`
20 error spawn ENOENT
21 error Failed at the WebTunes@0.0.1 start script 'main.js'.
21 error This is most likely a problem with the WebTunes package,
21 error not with npm itself.
21 error Tell the author that this fails on your system:
21 error     main.js
21 error You can get their info via:
21 error     npm owner ls WebTunes
21 error There is likely additional logging output above.
22 verbose exit [ 1, true ]
